<?xml version="1.0" encoding="UTF-8"?>
<!-- Generated by org.testng.reporters.JUnitReportReporter -->
<testsuite hostname="Kakon" failures="0" tests="1" name="TestCases.EditUserInfo" time="18.195" errors="0" timestamp="2024-09-26T13:45:53 BDT" skipped="0">
  <testcase classname="TestCases.EditUserInfo" name="EditUserInfo2" time="18.195"/>
</testsuite> <!-- TestCases.EditUserInfo -->
