<?xml version="1.0" encoding="UTF-8"?>
<!-- Generated by org.testng.reporters.JUnitReportReporter -->
<testsuite hostname="Kakon" failures="0" tests="1" name="TestCases.JoinMeetingWithMeetingLink" time="10.195" errors="0" timestamp="2024-11-03T17:47:18 BDT" skipped="0">
  <testcase classname="TestCases.JoinMeetingWithMeetingLink" name="JoinWithInvalidMeetingLink" time="10.195"/>
</testsuite> <!-- TestCases.JoinMeetingWithMeetingLink -->
