<?xml version="1.0" encoding="UTF-8"?>
<!-- Generated by org.testng.reporters.JUnitReportReporter -->
<testsuite hostname="Kakon" failures="0" tests="2" name="TestCases.ScheduleMeetingUXValidation" time="42.291" errors="0" timestamp="2024-12-09T13:45:59 BDT" skipped="0">
  <testcase classname="TestCases.ScheduleMeetingUXValidation" name="Schedule_Meeting" time="27.941"/>
  <testcase classname="TestCases.ScheduleMeetingUXValidation" name="Schedule_Meeting_UX" time="14.350"/>
</testsuite> <!-- TestCases.ScheduleMeetingUXValidation -->
