<?xml version="1.0" encoding="UTF-8"?>
<!-- Generated by org.testng.reporters.JUnitReportReporter -->
<testsuite hostname="Kakon" failures="0" tests="1" name="TestCases.AccessInvitationUX" time="13.240" errors="0" timestamp="2024-12-09T18:10:14 BDT" skipped="0">
  <testcase classname="TestCases.AccessInvitationUX" name="AccessInvitation" time="13.240"/>
</testsuite> <!-- TestCases.AccessInvitationUX -->
