<?xml version="1.0" encoding="UTF-8"?>
<!-- Generated by org.testng.reporters.JUnitReportReporter -->
<testsuite hostname="Kakon" failures="0" tests="3" name="TestCases.UpcomingMeetingUX" time="29.176" errors="0" timestamp="2024-12-15T12:53:41 BDT" skipped="0">
  <testcase classname="TestCases.UpcomingMeetingUX" name="UpcomingUX1" time="9.287"/>
  <testcase classname="TestCases.UpcomingMeetingUX" name="UpcomingUX2" time="11.031"/>
  <testcase classname="TestCases.UpcomingMeetingUX" name="UpcomingUX3" time="8.858"/>
</testsuite> <!-- TestCases.UpcomingMeetingUX -->
