<?xml version="1.0" encoding="UTF-8"?>
<!-- Generated by org.testng.reporters.JUnitReportReporter -->
<testsuite hostname="Kakon" failures="0" tests="2" name="TestCases.AccessRecordedFile" time="46.051" errors="0" timestamp="2024-12-11T13:39:51 BDT" skipped="0">
  <testcase classname="TestCases.AccessRecordedFile" name="Recorded_File_Copy" time="23.997"/>
  <testcase classname="TestCases.AccessRecordedFile" name="Recorded_File_Download" time="22.054"/>
</testsuite> <!-- TestCases.AccessRecordedFile -->
