<?xml version="1.0" encoding="UTF-8"?>
<!-- Generated by org.testng.reporters.JUnitReportReporter -->
<testsuite hostname="Kakon" failures="0" tests="1" name="TestCases.AdvanceOptions" time="20.493" errors="0" timestamp="2024-11-19T16:26:41 BDT" skipped="0">
  <testcase classname="TestCases.AdvanceOptions" name="Advance_Options" time="20.493"/>
</testsuite> <!-- TestCases.AdvanceOptions -->
