<?xml version="1.0" encoding="UTF-8"?>
<!-- Generated by org.testng.reporters.JUnitReportReporter -->
<testsuite hostname="Kakon" failures="0" tests="1" name="TestCases.AddParticipants" time="25.132" errors="0" timestamp="2024-11-19T15:10:47 BDT" skipped="0">
  <testcase classname="TestCases.AddParticipants" name="Add_Participant" time="25.132"/>
</testsuite> <!-- TestCases.AddParticipants -->
