<?xml version="1.0" encoding="UTF-8"?>
<!-- Generated by org.testng.reporters.JUnitReportReporter -->
<testsuite hostname="Kakon" failures="0" tests="2" name="TestCases.StartInstantMeeting" time="46.978" errors="0" timestamp="2024-11-12T15:48:06 BDT" skipped="0">
  <testcase classname="TestCases.StartInstantMeeting" name="Instant_Meeting_Cancel" time="19.317"/>
  <testcase classname="TestCases.StartInstantMeeting" name="Instant_Meeting" time="27.661"/>
</testsuite> <!-- TestCases.StartInstantMeeting -->
