<?xml version="1.0" encoding="UTF-8"?>
<!-- Generated by org.testng.reporters.JUnitReportReporter -->
<testsuite hostname="Kakon" failures="0" tests="1" name="TestCases.CopyInvitationCalendar" time="18.757" errors="0" timestamp="2024-12-12T11:58:41 BDT" skipped="0">
  <testcase classname="TestCases.CopyInvitationCalendar" name="copyInvitation" time="18.757"/>
</testsuite> <!-- TestCases.CopyInvitationCalendar -->
