<?xml version="1.0" encoding="UTF-8"?>
<!-- Generated by org.testng.reporters.JUnitReportReporter -->
<testsuite hostname="Kakon" failures="0" tests="2" name="TestCases.MeetingManagementUX" time="37.368" errors="0" timestamp="2024-12-11T17:40:04 BDT" skipped="0">
  <testcase classname="TestCases.MeetingManagementUX" name="upcomingUX" time="17.439"/>
  <testcase classname="TestCases.MeetingManagementUX" name="previousUX" time="19.929"/>
</testsuite> <!-- TestCases.MeetingManagementUX -->
