<?xml version="1.0" encoding="UTF-8"?>
<!-- Generated by org.testng.reporters.JUnitReportReporter -->
<testsuite hostname="Kakon" failures="0" tests="1" name="TestCases.FeatureUXValidation" time="12.387" errors="0" timestamp="2024-11-07T16:09:32 BDT" skipped="0">
  <testcase classname="TestCases.FeatureUXValidation" name="HomeUX" time="12.387"/>
</testsuite> <!-- TestCases.FeatureUXValidation -->
