<?xml version="1.0" encoding="UTF-8"?>
<!-- Generated by org.testng.reporters.JUnitReportReporter -->
<testsuite hostname="Kakon" failures="0" tests="1" name="TestCases.BulkAction" time="30.058" errors="0" timestamp="2024-10-23T16:14:10 BDT" skipped="0">
  <testcase classname="TestCases.BulkAction" name="BulkAction4" time="30.058"/>
</testsuite> <!-- TestCases.BulkAction -->
