<?xml version="1.0" encoding="UTF-8"?>
<!-- Generated by org.testng.reporters.JUnitReportReporter -->
<testsuite hostname="Kakon" failures="0" tests="1" name="TestCases.OrganizationWebsite" time="19.327" errors="0" timestamp="2024-10-06T17:28:32 BDT" skipped="0">
  <testcase classname="TestCases.OrganizationWebsite" name="OrganizationWebsite2" time="19.327"/>
</testsuite> <!-- TestCases.OrganizationWebsite -->
