<?xml version="1.0" encoding="UTF-8"?>
<!-- Generated by org.testng.reporters.JUnitReportReporter -->
<testsuite hostname="Kakon" failures="0" tests="1" name="TestCases.CopyInvitationInstant" time="9.459" errors="0" timestamp="2024-11-10T17:54:19 BDT" skipped="0">
  <testcase classname="TestCases.CopyInvitationInstant" name="FilterByStatus_Active" time="9.459"/>
</testsuite> <!-- TestCases.CopyInvitationInstant -->
