<?xml version="1.0" encoding="UTF-8"?>
<!-- Generated by org.testng.reporters.JUnitReportReporter -->
<testsuite hostname="Kakon" failures="0" tests="1" name="TestCases.OrganizationInfo" time="15.058" errors="0" timestamp="2024-10-03T16:59:45 BDT" skipped="0">
  <testcase classname="TestCases.OrganizationInfo" name="OrganizationInfo2" time="15.058"/>
</testsuite> <!-- TestCases.OrganizationInfo -->
