<?xml version="1.0" encoding="UTF-8"?>
<!-- Generated by org.testng.reporters.JUnitReportReporter -->
<testsuite hostname="Kakon" failures="0" tests="2" name="TestCases.JoinScheduleMeeting" time="32.013" errors="0" timestamp="2024-12-08T18:00:27 BDT" skipped="0">
  <testcase classname="TestCases.JoinScheduleMeeting" name="Schedule_Meeting_Join_Cancel" time="14.589"/>
  <testcase classname="TestCases.JoinScheduleMeeting" name="Schedule_Meeting_Join" time="17.424"/>
</testsuite> <!-- TestCases.JoinScheduleMeeting -->
