<?xml version="1.0" encoding="UTF-8"?>
<!-- Generated by org.testng.reporters.JUnitReportReporter -->
<testsuite hostname="Kakon" failures="0" tests="1" name="TestCases.Instant_HostSetting" time="39.827" errors="0" timestamp="2024-11-19T17:29:33 BDT" skipped="0">
  <testcase classname="TestCases.Instant_HostSetting" name="Instant_HostCOntrol" time="39.827"/>
</testsuite> <!-- TestCases.Instant_HostSetting -->
