<?xml version="1.0" encoding="UTF-8"?>
<!-- Generated by org.testng.reporters.JUnitReportReporter -->
<testsuite hostname="Kakon" failures="0" tests="2" name="TestCases.StartScheduleMeeting" time="47.748" errors="0" timestamp="2024-12-08T16:31:59 BDT" skipped="0">
  <testcase classname="TestCases.StartScheduleMeeting" name="Schedule_Meeting" time="27.675"/>
  <testcase classname="TestCases.StartScheduleMeeting" name="Schedule_Meeting_Cancel" time="20.073"/>
</testsuite> <!-- TestCases.StartScheduleMeeting -->
