<?xml version="1.0" encoding="UTF-8"?>
<!-- Generated by org.testng.reporters.JUnitReportReporter -->
<testsuite hostname="Kakon" failures="0" tests="1" name="TestCases.HomeUXValidation" time="9.777" errors="0" timestamp="2024-11-07T15:37:56 BDT" skipped="0">
  <testcase classname="TestCases.HomeUXValidation" name="HomeUX" time="9.777"/>
</testsuite> <!-- TestCases.HomeUXValidation -->
