<?xml version="1.0" encoding="UTF-8"?>
<!-- Generated by org.testng.reporters.JUnitReportReporter -->
<testsuite hostname="Kakon" failures="0" tests="3" name="TestCases.JoinMeetingFromLandingPage" time="56.607" errors="0" timestamp="2024-11-03T11:14:29 BDT" skipped="0">
  <testcase classname="TestCases.JoinMeetingFromLandingPage" name="JoinWithMeetingID" time="20.948"/>
  <testcase classname="TestCases.JoinMeetingFromLandingPage" name="JoinWithMeetingLink" time="18.057"/>
  <testcase classname="TestCases.JoinMeetingFromLandingPage" name="JoinWithoutIDLink" time="17.602"/>
</testsuite> <!-- TestCases.JoinMeetingFromLandingPage -->
