<?xml version="1.0" encoding="UTF-8"?>
<!-- Generated by org.testng.reporters.JUnitReportReporter -->
<testsuite hostname="Kakon" failures="0" tests="5" name="TestCases.LoginTest" time="19.851" errors="0" timestamp="2024-10-27T10:19:15 BDT" skipped="0">
  <testcase classname="TestCases.LoginTest" name="LoginValCred" time="3.776"/>
  <testcase classname="TestCases.LoginTest" name="LoginInvUname" time="3.543"/>
  <testcase classname="TestCases.LoginTest" name="LoginInvPass" time="5.038"/>
  <testcase classname="TestCases.LoginTest" name="LoginInvUnamePass" time="3.575"/>
  <testcase classname="TestCases.LoginTest" name="LoginWithoutCred" time="3.919"/>
</testsuite> <!-- TestCases.LoginTest -->
