<?xml version="1.0" encoding="UTF-8"?>
<!-- Generated by org.testng.reporters.JUnitReportReporter -->
<testsuite hostname="Kakon" failures="0" tests="1" name="TestCases.EventDetails" time="20.619" errors="0" timestamp="2024-11-19T13:23:35 BDT" skipped="0">
  <testcase classname="TestCases.EventDetails" name="FilterByStatus_Active" time="20.619"/>
</testsuite> <!-- TestCases.EventDetails -->
