<?xml version="1.0" encoding="UTF-8"?>
<!-- Generated by org.testng.reporters.JUnitReportReporter -->
<testsuite hostname="Kakon" failures="0" tests="1" name="TestCases.MeetingManagementUpcoming" time="13.550" errors="0" timestamp="2024-12-15T13:27:43 BDT" skipped="0">
  <testcase classname="TestCases.MeetingManagementUpcoming" name="UpcomingUX1" time="13.550"/>
</testsuite> <!-- TestCases.MeetingManagementUpcoming -->
