<?xml version="1.0" encoding="UTF-8"?>
<!-- Generated by org.testng.reporters.JUnitReportReporter -->
<testsuite hostname="Kakon" failures="0" tests="3" name="TestCases.JoinInstantMeeting" time="49.976" errors="0" timestamp="2024-11-12T17:02:29 BDT" skipped="0">
  <testcase classname="TestCases.JoinInstantMeeting" name="JoinWithMeetingID" time="22.020"/>
  <testcase classname="TestCases.JoinInstantMeeting" name="JoinWithMeetingLink" time="11.733"/>
  <testcase classname="TestCases.JoinInstantMeeting" name="JoinWithoutIDLink" time="16.223"/>
</testsuite> <!-- TestCases.JoinInstantMeeting -->
