<?xml version="1.0" encoding="UTF-8"?>
<!-- Generated by org.testng.reporters.JUnitReportReporter -->
<testsuite hostname="Kakon" failures="0" tests="2" name="TestCases.OrganizationLogo" time="24.337" errors="0" timestamp="2024-10-03T16:24:00 BDT" skipped="0">
  <testcase classname="TestCases.OrganizationLogo" name="OrganizationLogo1" time="13.202"/>
  <testcase classname="TestCases.OrganizationLogo" name="OrganizationLogo2" time="11.135"/>
</testsuite> <!-- TestCases.OrganizationLogo -->
