<?xml version="1.0" encoding="UTF-8"?>
<!-- Generated by org.testng.reporters.JUnitReportReporter -->
<testsuite hostname="Kakon" failures="0" tests="1" name="TestCases.HostSetting" time="15.361" errors="0" timestamp="2024-11-19T17:07:36 BDT" skipped="0">
  <testcase classname="TestCases.HostSetting" name="Host_Setting" time="15.361"/>
</testsuite> <!-- TestCases.HostSetting -->
