<?xml version="1.0" encoding="UTF-8"?>
<!-- Generated by org.testng.reporters.JUnitReportReporter -->
<testsuite hostname="Kakon" failures="0" tests="2" name="TestCases.UpcomingMeetingJoin" time="30.090" errors="0" timestamp="2024-12-10T16:36:28 BDT" skipped="0">
  <testcase classname="TestCases.UpcomingMeetingJoin" name="Upcoming_Meeting_Cancel" time="11.909"/>
  <testcase classname="TestCases.UpcomingMeetingJoin" name="Upcoming_Meeting_Join" time="18.181"/>
</testsuite> <!-- TestCases.UpcomingMeetingJoin -->
