<?xml version="1.0" encoding="UTF-8"?>
<!-- Generated by org.testng.reporters.JUnitReportReporter -->
<testsuite hostname="Kakon" failures="0" tests="1" name="TestCases.AddSingleUser" time="22.218" errors="0" timestamp="2024-09-23T15:25:46 BDT" skipped="0">
  <testcase classname="TestCases.AddSingleUser" name="testAddUser5" time="22.218"/>
</testsuite> <!-- TestCases.AddSingleUser -->
