<?xml version="1.0" encoding="UTF-8"?>
<!-- Generated by org.testng.reporters.JUnitReportReporter -->
<testsuite hostname="Kakon" failures="0" tests="1" name="TestCases.DeclineInvitation" time="15.665" errors="0" timestamp="2024-12-09T17:31:33 BDT" skipped="0">
  <testcase classname="TestCases.DeclineInvitation" name="CancelInvitation" time="15.665"/>
</testsuite> <!-- TestCases.DeclineInvitation -->
