<?xml version="1.0" encoding="UTF-8"?>
<!-- Generated by org.testng.reporters.JUnitReportReporter -->
<testsuite hostname="Kakon" failures="0" tests="1" name="TestCases.OrganizationAddress" time="21.676" errors="0" timestamp="2024-10-06T14:28:41 BDT" skipped="0">
  <testcase classname="TestCases.OrganizationAddress" name="OrganizationInfo2" time="21.676"/>
</testsuite> <!-- TestCases.OrganizationAddress -->
