<?xml version="1.0" encoding="UTF-8"?>
<!-- Generated by org.testng.reporters.JUnitReportReporter -->
<testsuite hostname="Kakon" failures="0" tests="1" name="TestCases.EditMeetingInfo" time="19.436" errors="0" timestamp="2024-09-25T11:40:46 BDT" skipped="0">
  <testcase classname="TestCases.EditMeetingInfo" name="EditMeetingInfo2" time="19.436"/>
</testsuite> <!-- TestCases.EditMeetingInfo -->
