<?xml version="1.0" encoding="UTF-8"?>
<!-- Generated by org.testng.reporters.JUnitReportReporter -->
<testsuite hostname="Kakon" failures="0" tests="2" name="TestCases.MeetingManagementEditMeeting" time="61.967" errors="0" timestamp="2024-12-11T11:44:14 BDT" skipped="0">
  <testcase classname="TestCases.MeetingManagementEditMeeting" name="Schedule_Meeting" time="27.436"/>
  <testcase classname="TestCases.MeetingManagementEditMeeting" name="Schedule_Meeting_Edit" time="34.531"/>
</testsuite> <!-- TestCases.MeetingManagementEditMeeting -->
