<?xml version="1.0" encoding="UTF-8"?>
<!-- Generated by org.testng.reporters.JUnitReportReporter -->
<testsuite hostname="Kakon" failures="0" tests="3" name="TestCases.FilterByRole" time="47.689" errors="0" timestamp="2024-10-07T12:24:17 BDT" skipped="0">
  <testcase classname="TestCases.FilterByRole" name="FilterByRole_Owner" time="17.302"/>
  <testcase classname="TestCases.FilterByRole" name="FilterByRole_Admin" time="15.090"/>
  <testcase classname="TestCases.FilterByRole" name="FilterByRole_User" time="15.297"/>
</testsuite> <!-- TestCases.FilterByRole -->
