<?xml version="1.0" encoding="UTF-8"?>
<!-- Generated by org.testng.reporters.JUnitReportReporter -->
<testsuite hostname="Kakon" failures="0" tests="1" name="TestCases.ValidateCopyMeetingInvitation" time="10.808" errors="0" timestamp="2024-12-12T10:37:44 BDT" skipped="0">
  <testcase classname="TestCases.ValidateCopyMeetingInvitation" name="copyInvitation" time="10.808"/>
</testsuite> <!-- TestCases.ValidateCopyMeetingInvitation -->
