<?xml version="1.0" encoding="UTF-8"?>
<!-- Generated by org.testng.reporters.JUnitReportReporter -->
<testsuite hostname="DESKTOP-U7KGT0T" failures="0" tests="1" name="TestCases.ConvayLogin" time="2.531" errors="0" timestamp="2024-08-20T09:37:28 BDT" skipped="0">
  <testcase classname="TestCases.ConvayLogin" name="LoginTest" time="2.531"/>
</testsuite> <!-- TestCases.ConvayLogin -->
