<?xml version="1.0" encoding="UTF-8"?>
<!-- Generated by org.testng.reporters.JUnitReportReporter -->
<testsuite hostname="Kakon" failures="0" tests="3" name="TestCases.FilterByStatus" time="48.762" errors="0" timestamp="2024-10-08T10:27:18 BDT" skipped="0">
  <testcase classname="TestCases.FilterByStatus" name="FilterByStatus_Active" time="17.880"/>
  <testcase classname="TestCases.FilterByStatus" name="FilterByStatus_Invited" time="15.373"/>
  <testcase classname="TestCases.FilterByStatus" name="FilterByStatus_Suspended" time="15.509"/>
</testsuite> <!-- TestCases.FilterByStatus -->
