<?xml version="1.0" encoding="UTF-8"?>
<!-- Generated by org.testng.reporters.JUnitReportReporter -->
<testsuite hostname="Kakon" failures="0" tests="5" name="TestCases.SearchUser" time="67.431" errors="0" timestamp="2024-10-07T11:19:25 BDT" skipped="0">
  <testcase classname="TestCases.SearchUser" name="searchUserByName" time="13.154"/>
  <testcase classname="TestCases.SearchUser" name="searchUserByEmail" time="14.821"/>
  <testcase classname="TestCases.SearchUser" name="searchUserByJobTitle" time="13.046"/>
  <testcase classname="TestCases.SearchUser" name="searchUserByRole" time="13.184"/>
  <testcase classname="TestCases.SearchUser" name="searchUserByStatus" time="13.226"/>
</testsuite> <!-- TestCases.SearchUser -->
