<?xml version="1.0" encoding="UTF-8"?>
<!-- Generated by org.testng.reporters.JUnitReportReporter -->
<testsuite hostname="Kakon" failures="0" tests="2" name="TestCases.LogOutTest" time="21.980" errors="0" timestamp="2024-11-13T12:19:02 BDT" skipped="0">
  <testcase classname="TestCases.LogOutTest" name="LogOut_Page1" time="14.476"/>
  <testcase classname="TestCases.LogOutTest" name="LogOut_Page2" time="7.504"/>
</testsuite> <!-- TestCases.LogOutTest -->
