<?xml version="1.0" encoding="UTF-8"?>
<!-- Generated by org.testng.reporters.JUnitReportReporter -->
<testsuite hostname="Kakon" failures="0" tests="1" name="TestCases.ResetPassword" time="18.581" errors="0" timestamp="2024-09-29T16:57:53 BDT" skipped="0">
  <testcase classname="TestCases.ResetPassword" name="ResetPassword4" time="18.581"/>
</testsuite> <!-- TestCases.ResetPassword -->
