<?xml version="1.0" encoding="UTF-8"?>
<!-- Generated by org.testng.reporters.JUnitReportReporter -->
<testsuite hostname="Kakon" failures="0" tests="1" name="TestCases.DeleteUpcomingMeeting" time="21.303" errors="0" timestamp="2024-12-12T16:01:15 BDT" skipped="0">
  <testcase classname="TestCases.DeleteUpcomingMeeting" name="copyInvitation" time="21.303"/>
</testsuite> <!-- TestCases.DeleteUpcomingMeeting -->
