<?xml version="1.0" encoding="UTF-8"?>
<!-- Generated by org.testng.reporters.JUnitReportReporter -->
<testsuite hostname="Kakon" failures="0" tests="1" name="TestCases.ValidateDayView" time="15.260" errors="0" timestamp="2024-12-10T11:38:16 BDT" skipped="0">
  <testcase classname="TestCases.ValidateDayView" name="DayView" time="15.260"/>
</testsuite> <!-- TestCases.ValidateDayView -->
