<?xml version="1.0" encoding="UTF-8"?>
<!-- Generated by org.testng.reporters.JUnitReportReporter -->
<testsuite hostname="Kakon" failures="0" tests="2" name="TestCases.MeetingManagementJoin" time="39.702" errors="0" timestamp="2024-12-10T16:16:31 BDT" skipped="0">
  <testcase classname="TestCases.MeetingManagementJoin" name="Upcoming_Meeting_Cancel" time="16.649"/>
  <testcase classname="TestCases.MeetingManagementJoin" name="Upcoming_Meeting_Start" time="23.053"/>
</testsuite> <!-- TestCases.MeetingManagementJoin -->
