<?xml version="1.0" encoding="UTF-8"?>
<!-- Generated by org.testng.reporters.JUnitReportReporter -->
<testsuite hostname="Kakon" failures="0" tests="1" name="TestCases.searchTest" time="6.471" errors="0" timestamp="2025-01-29T21:59:41 BDT" skipped="0">
  <testcase classname="TestCases.searchTest" name="testSearchFunctionality" time="6.471"/>
</testsuite> <!-- TestCases.searchTest -->
