<?xml version="1.0" encoding="UTF-8"?>
<!-- Generated by org.testng.reporters.JUnitReportReporter -->
<testsuite hostname="Kakon" failures="0" tests="1" name="TestCases.ValidateWeekView" time="19.728" errors="0" timestamp="2024-12-10T12:13:57 BDT" skipped="0">
  <testcase classname="TestCases.ValidateWeekView" name="WeekView" time="19.728"/>
</testsuite> <!-- TestCases.ValidateWeekView -->
