<?xml version="1.0" encoding="UTF-8"?>
<!-- Generated by org.testng.reporters.JUnitReportReporter -->
<testsuite hostname="Kakon" failures="0" tests="1" name="TestCases.AcceptInvitation" time="15.654" errors="0" timestamp="2024-12-09T17:03:20 BDT" skipped="0">
  <testcase classname="TestCases.AcceptInvitation" name="CancelInvitation" time="15.654"/>
</testsuite> <!-- TestCases.AcceptInvitation -->
