<?xml version="1.0" encoding="UTF-8"?>
<!-- Generated by org.testng.reporters.JUnitReportReporter -->
<testsuite hostname="Kakon" failures="0" tests="1" name="TestCases.MeetingManagementPrevious" time="15.517" errors="0" timestamp="2024-12-15T13:34:44 BDT" skipped="0">
  <testcase classname="TestCases.MeetingManagementPrevious" name="UpcomingUX1" time="15.517"/>
</testsuite> <!-- TestCases.MeetingManagementPrevious -->
