<?xml version="1.0" encoding="UTF-8"?>
<!-- Generated by org.testng.reporters.JUnitReportReporter -->
<testsuite hostname="Kakon" failures="0" tests="1" name="TestCases.AccessTranscription" time="24.014" errors="0" timestamp="2024-12-11T16:16:46 BDT" skipped="0">
  <testcase classname="TestCases.AccessTranscription" name="Transcription" time="24.014"/>
</testsuite> <!-- TestCases.AccessTranscription -->
