<?xml version="1.0" encoding="UTF-8"?>
<!-- Generated by org.testng.reporters.JUnitReportReporter -->
<testsuite hostname="Kakon" failures="0" tests="3" name="TestCases.Login_Val_Cred" time="10.898" errors="0" timestamp="2024-09-03T15:39:15 BDT" skipped="0">
  <testcase classname="TestCases.Login_Val_Cred" name="LoginTest" time="4.583"/>
  <testcase classname="TestCases.Login_Val_Cred" name="LoginTest_Inv" time="3.046"/>
  <testcase classname="TestCases.Login_Val_Cred" name="VerifyValidEmailFormat" time="3.269"/>
</testsuite> <!-- TestCases.Login_Val_Cred -->
