<?xml version="1.0" encoding="UTF-8"?>
<!-- Generated by org.testng.reporters.JUnitReportReporter -->
<testsuite hostname="Kakon" failures="0" tests="1" name="TestCases.ValidateMonthView" time="16.314" errors="0" timestamp="2024-12-10T12:22:03 BDT" skipped="0">
  <testcase classname="TestCases.ValidateMonthView" name="MonthView" time="16.314"/>
</testsuite> <!-- TestCases.ValidateMonthView -->
