<?xml version="1.0" encoding="UTF-8"?>
<!-- Generated by org.testng.reporters.JUnitReportReporter -->
<testsuite hostname="Kakon" failures="0" tests="3" name="TestCases.PreviousMeetingDetails" time="39.950" errors="0" timestamp="2024-12-15T12:06:34 BDT" skipped="0">
  <testcase classname="TestCases.PreviousMeetingDetails" name="PreviousDetailsHost" time="13.297"/>
  <testcase classname="TestCases.PreviousMeetingDetails" name="PreviousDetailsID" time="12.674"/>
  <testcase classname="TestCases.PreviousMeetingDetails" name="PreviousDetailsURL" time="13.979"/>
</testsuite> <!-- TestCases.PreviousMeetingDetails -->
