<?xml version="1.0" encoding="UTF-8"?>
<!-- Generated by org.testng.reporters.JUnitReportReporter -->
<testsuite hostname="Kakon" failures="0" tests="1" name="TestCases.HostControl" time="29.843" errors="0" timestamp="2024-12-01T10:35:28 BDT" skipped="0">
  <testcase classname="TestCases.HostControl" name="Host_Control" time="29.843"/>
</testsuite> <!-- TestCases.HostControl -->
